<?xml version="1.0" encoding="UTF-8"?>
<!-- Generated by org.testng.reporters.JUnitReportReporter -->
<testsuite hostname="DESKTOP-L7ULLRL" failures="0" tests="2" name="testNg.AssertionClass" time="0.116" errors="0" timestamp="2023-09-22T23:00:15 IST" skipped="0">
  <testcase classname="testNg.AssertionClass" name="verifybutton" time="0.071"/>
  <system-out/>
  <testcase classname="testNg.AssertionClass" name="verifyTitle" time="0.045"/>
  <system-out/>
</testsuite> <!-- testNg.AssertionClass -->
