<?xml version="1.0" encoding="UTF-8"?>
<!-- Generated by org.testng.reporters.JUnitReportReporter -->
<testsuite hostname="DESKTOP-L7ULLRL" failures="0" tests="1" name="testNg.testNg2" time="0.009" errors="0" timestamp="2022-06-29T19:33:37 IST" skipped="0">
  <testcase classname="testNg.testNg2" name="testCase1" time="0.009"/>
  <system-out/>
</testsuite> <!-- testNg.testNg2 -->
