<?xml version="1.0" encoding="UTF-8"?>
<!-- Generated by org.testng.reporters.JUnitReportReporter -->
<testsuite hostname="DESKTOP-L7ULLRL" failures="0" tests="2" name="testNg.TestNgClass1" time="0.026" errors="0" timestamp="2022-06-29T19:21:59 IST" skipped="0">
  <testcase classname="testNg.TestNgClass1" name="testCase1" time="0.022"/>
  <system-out/>
  <testcase classname="testNg.TestNgClass1" name="testCase2" time="0.004"/>
  <system-out/>
</testsuite> <!-- testNg.TestNgClass1 -->
