<?xml version="1.0" encoding="UTF-8"?>
<!-- Generated by org.testng.reporters.JUnitReportReporter -->
<testsuite hostname="DESKTOP-L7ULLRL" failures="0" tests="1" name="testNg1.Test1" time="0.005" errors="0" timestamp="2023-08-30T17:26:10 IST" skipped="0">
  <testcase classname="testNg1.Test1" name="test1" time="0.005"/>
  <system-out/>
</testsuite> <!-- testNg1.Test1 -->
