<?xml version="1.0" encoding="UTF-8"?>
<!-- Generated by org.testng.reporters.JUnitReportReporter -->
<testsuite hostname="DESKTOP-L7ULLRL" failures="0" tests="4" name="testNg.Browser" time="27.339" errors="0" timestamp="2023-08-30T17:36:31 IST" skipped="0">
  <testcase classname="testNg.Browser" name="login" time="6.460"/>
  <system-out/>
  <testcase classname="testNg.Browser" name="verifyTitle" time="8.058"/>
  <system-out/>
  <testcase classname="testNg.Browser" name="verifyTitle" time="6.309"/>
  <system-out/>
  <testcase classname="testNg.Browser" name="login" time="6.512"/>
  <system-out/>
</testsuite> <!-- testNg.Browser -->
