<?xml version="1.0" encoding="UTF-8"?>
<!-- Generated by org.testng.reporters.JUnitReportReporter -->
<testsuite hostname="DESKTOP-L7ULLRL" failures="0" tests="1" name="testNg1.NewTest" time="0.010" errors="0" timestamp="2023-07-31T14:30:22 IST" skipped="0">
  <testcase classname="testNg1.NewTest" name="test1" time="0.010"/>
  <system-out/>
</testsuite> <!-- testNg1.NewTest -->
