<?xml version="1.0" encoding="UTF-8"?>
<!-- Generated by org.testng.reporters.JUnitReportReporter -->
<testsuite hostname="DESKTOP-L7ULLRL" failures="0" tests="1" name="testNg1.Test2" time="0.006" errors="0" timestamp="2023-08-30T17:28:49 IST" skipped="0">
  <testcase classname="testNg1.Test2" name="test2" time="0.006"/>
  <system-out/>
</testsuite> <!-- testNg1.Test2 -->
