<?xml version="1.0" encoding="UTF-8"?>
<!-- Generated by org.testng.reporters.JUnitReportReporter -->
<testsuite hostname="DESKTOP-L7ULLRL" failures="0" tests="1" name="POM.LoginTest" time="0.742" errors="0" timestamp="2023-10-03T16:41:33 IST" skipped="0">
  <testcase classname="POM.LoginTest" name="login" time="0.742"/>
  <system-out/>
</testsuite> <!-- POM.LoginTest -->
